# JRE version: OpenJDK Runtime Environment (11.0.4+11) (build 11.0.4+11-post-Ubuntu-1ubuntu219.04)
# Java VM: OpenJDK 64-Bit Server VM (11.0.4+11-post-Ubuntu-1ubuntu219.04, mixed mode, sharing, tiered, compressed oops, g1 gc, linux-amd64)
Heap:
 garbage-first heap   total 507904K, used 164911K [0x00000000c4200000, 0x0000000100000000)
  region size 1024K, 1 young (1024K), 1 survivors (1024K)
 Metaspace       used 15089K, capacity 15709K, committed 15872K, reserved 1062912K
  class space    used 1668K, capacity 1975K, committed 2048K, reserved 1048576K
GC Heap History (10 events):
Event: 1002,244 GC heap after
{Heap after GC invocations=3366 (full 0):
 garbage-first heap   total 192512K, used 164511K [0x00000000c4200000, 0x0000000100000000)
  region size 1024K, 1 young (1024K), 1 survivors (1024K)
 Metaspace       used 15089K, capacity 15709K, committed 15872K, reserved 1062912K
  class space    used 1668K, capacity 1975K, committed 2048K, reserved 1048576K
}
Event: 1002,329 GC heap before
{Heap before GC invocations=3366 (full 0):
 garbage-first heap   total 192512K, used 172703K [0x00000000c4200000, 0x0000000100000000)
  region size 1024K, 9 young (9216K), 1 survivors (1024K)
 Metaspace       used 15089K, capacity 15709K, committed 15872K, reserved 1062912K
  class space    used 1668K, capacity 1975K, committed 2048K, reserved 1048576K
}
Event: 1002,339 GC heap after
{Heap after GC invocations=3367 (full 0):
 garbage-first heap   total 224256K, used 164536K [0x00000000c4200000, 0x0000000100000000)
  region size 1024K, 1 young (1024K), 1 survivors (1024K)
 Metaspace       used 15089K, capacity 15709K, committed 15872K, reserved 1062912K
  class space    used 1668K, capacity 1975K, committed 2048K, reserved 1048576K
}
Event: 1002,890 GC heap before
{Heap before GC invocations=3367 (full 0):
 garbage-first heap   total 224256K, used 187064K [0x00000000c4200000, 0x0000000100000000)
  region size 1024K, 23 young (23552K), 1 survivors (1024K)
 Metaspace       used 15089K, capacity 15709K, committed 15872K, reserved 1062912K
  class space    used 1668K, capacity 1975K, committed 2048K, reserved 1048576K
}
Event: 1002,943 GC heap after
{Heap after GC invocations=3368 (full 0):
 garbage-first heap   total 224256K, used 164686K [0x00000000c4200000, 0x0000000100000000)
  region size 1024K, 1 young (1024K), 1 survivors (1024K)
 Metaspace       used 15089K, capacity 15709K, committed 15872K, reserved 1062912K
  class space    used 1668K, capacity 1975K, committed 2048K, reserved 1048576K
}
Event: 1003,468 GC heap before
{Heap before GC invocations=3368 (full 0):
 garbage-first heap   total 224256K, used 188238K [0x00000000c4200000, 0x0000000100000000)
  region size 1024K, 24 young (24576K), 1 survivors (1024K)
 Metaspace       used 15089K, capacity 15709K, committed 15872K, reserved 1062912K
  class space    used 1668K, capacity 1975K, committed 2048K, reserved 1048576K
}
Event: 1003,626 GC heap after
{Heap after GC invocations=3369 (full 0):
 garbage-first heap   total 224256K, used 164769K [0x00000000c4200000, 0x0000000100000000)
  region size 1024K, 1 young (1024K), 1 survivors (1024K)
 Metaspace       used 15089K, capacity 15709K, committed 15872K, reserved 1062912K
  class space    used 1668K, capacity 1975K, committed 2048K, reserved 1048576K
}
Event: 1005,934 GC heap before
{Heap before GC invocations=3369 (full 0):
 garbage-first heap   total 224256K, used 189345K [0x00000000c4200000, 0x0000000100000000)
  region size 1024K, 25 young (25600K), 1 survivors (1024K)
 Metaspace       used 15089K, capacity 15709K, committed 15872K, reserved 1062912K
  class space    used 1668K, capacity 1975K, committed 2048K, reserved 1048576K
}
Event: 1006,193 GC heap after
{Heap after GC invocations=3370 (full 0):
 garbage-first heap   total 224256K, used 164857K [0x00000000c4200000, 0x0000000100000000)
  region size 1024K, 1 young (1024K), 1 survivors (1024K)
 Metaspace       used 15089K, capacity 15709K, committed 15872K, reserved 1062912K
  class space    used 1668K, capacity 1975K, committed 2048K, reserved 1048576K
}
Event: 1007,955 GC heap before
{Heap before GC invocations=3370 (full 0):
 garbage-first heap   total 224256K, used 190457K [0x00000000c4200000, 0x0000000100000000)
  region size 1024K, 26 young (26624K), 1 survivors (1024K)
 Metaspace       used 15089K, capacity 15709K, committed 15872K, reserved 1062912K
  class space    used 1668K, capacity 1975K, committed 2048K, reserved 1048576K
}

